<?xml version="1.0" encoding="UTF-8"?>
<testsuite name="test.HelloWorldConfigurationTests" tests="0" skipped="0" failures="0" errors="0" timestamp="1970-01-01T00:00:00" hostname="harikrishna" time="0.0">
  <properties/>
  <system-out><![CDATA[22:18:18.106 [Test worker] DEBUG org.springframework.test.context.junit4.SpringJUnit4ClassRunner - SpringJUnit4ClassRunner constructor called with [class test.HelloWorldConfigurationTests]
22:18:18.137 [Test worker] DEBUG org.springframework.test.context.BootstrapUtils - Instantiating CacheAwareContextLoaderDelegate from class [org.springframework.test.context.cache.DefaultCacheAwareContextLoaderDelegate]
22:18:18.180 [Test worker] DEBUG org.springframework.test.context.BootstrapUtils - Instantiating BootstrapContext using constructor [public org.springframework.test.context.support.DefaultBootstrapContext(java.lang.Class,org.springframework.test.context.CacheAwareContextLoaderDelegate)]
22:18:18.257 [Test worker] DEBUG org.springframework.test.context.BootstrapUtils - Instantiating TestContextBootstrapper for test class [test.HelloWorldConfigurationTests] from class [org.springframework.boot.test.context.SpringBootTestContextBootstrapper]
22:18:18.318 [Test worker] INFO org.springframework.boot.test.context.SpringBootTestContextBootstrapper - Neither @ContextConfiguration nor @ContextHierarchy found for test class [test.HelloWorldConfigurationTests], using SpringBootContextLoader
22:18:18.331 [Test worker] DEBUG org.springframework.test.context.support.AbstractContextLoader - Did not detect default resource location for test class [test.HelloWorldConfigurationTests]: class path resource [test/HelloWorldConfigurationTests-context.xml] does not exist
22:18:18.333 [Test worker] DEBUG org.springframework.test.context.support.AbstractContextLoader - Did not detect default resource location for test class [test.HelloWorldConfigurationTests]: class path resource [test/HelloWorldConfigurationTestsContext.groovy] does not exist
22:18:18.334 [Test worker] INFO org.springframework.test.context.support.AbstractContextLoader - Could not detect default resource locations for test class [test.HelloWorldConfigurationTests]: no resource found for suffixes {-context.xml, Context.groovy}.
22:18:18.337 [Test worker] INFO org.springframework.test.context.support.AnnotationConfigContextLoaderUtils - Could not detect default configuration classes for test class [test.HelloWorldConfigurationTests]: HelloWorldConfigurationTests does not declare any static, non-private, non-final, nested classes annotated with @Configuration.
22:18:18.536 [Test worker] DEBUG org.springframework.test.context.support.ActiveProfilesUtils - Could not find an 'annotation declaring class' for annotation type [org.springframework.test.context.ActiveProfiles] and class [test.HelloWorldConfigurationTests]
22:18:18.580 [Test worker] DEBUG org.springframework.core.env.StandardEnvironment - Adding [systemProperties] PropertySource with lowest search precedence
22:18:18.581 [Test worker] DEBUG org.springframework.core.env.StandardEnvironment - Adding [systemEnvironment] PropertySource with lowest search precedence
22:18:18.582 [Test worker] DEBUG org.springframework.core.env.StandardEnvironment - Initialized StandardEnvironment with PropertySources [systemProperties,systemEnvironment]
22:18:18.631 [Test worker] DEBUG org.springframework.core.io.support.PathMatchingResourcePatternResolver - Resolved classpath location [test/] to resources [URL [file:/C:/Users/hari/Downloads/hello-world-gradle/build/classes/test/test/], URL [file:/C:/Users/hari/Downloads/hello-world-gradle/build/classes/main/test/]]
22:18:18.635 [Test worker] DEBUG org.springframework.core.io.support.PathMatchingResourcePatternResolver - Looking for matching resources in directory tree [C:\Users\hari\Downloads\hello-world-gradle\build\classes\test\test]
22:18:18.638 [Test worker] DEBUG org.springframework.core.io.support.PathMatchingResourcePatternResolver - Searching directory [C:\Users\hari\Downloads\hello-world-gradle\build\classes\test\test] for files matching pattern [C:/Users/hari/Downloads/hello-world-gradle/build/classes/test/test/*.class]
22:18:18.703 [Test worker] DEBUG org.springframework.core.io.support.PathMatchingResourcePatternResolver - Looking for matching resources in directory tree [C:\Users\hari\Downloads\hello-world-gradle\build\classes\main\test]
22:18:18.705 [Test worker] DEBUG org.springframework.core.io.support.PathMatchingResourcePatternResolver - Searching directory [C:\Users\hari\Downloads\hello-world-gradle\build\classes\main\test] for files matching pattern [C:/Users/hari/Downloads/hello-world-gradle/build/classes/main/test/*.class]
22:18:18.708 [Test worker] DEBUG org.springframework.core.io.support.PathMatchingResourcePatternResolver - Resolved location pattern [classpath*:test/*.class] to resources [file [C:\Users\hari\Downloads\hello-world-gradle\build\classes\test\test\HelloWorldConfigurationTests.class], file [C:\Users\hari\Downloads\hello-world-gradle\build\classes\main\test\Application.class]]
22:18:18.980 [Test worker] DEBUG org.springframework.context.annotation.ClassPathScanningCandidateComponentProvider - Identified candidate component class: file [C:\Users\hari\Downloads\hello-world-gradle\build\classes\main\test\Application.class]
22:18:18.986 [Test worker] INFO org.springframework.boot.test.context.SpringBootTestContextBootstrapper - Found @SpringBootConfiguration test.Application for test class test.HelloWorldConfigurationTests
22:18:18.997 [Test worker] DEBUG org.springframework.boot.test.context.SpringBootTestContextBootstrapper - @TestExecutionListeners is not present for class [test.HelloWorldConfigurationTests]: using defaults.
22:18:19.020 [Test worker] INFO org.springframework.boot.test.context.SpringBootTestContextBootstrapper - Loaded default TestExecutionListener class names from location [META-INF/spring.factories]: [org.springframework.boot.test.mock.mockito.MockitoTestExecutionListener, org.springframework.boot.test.mock.mockito.ResetMocksTestExecutionListener, org.springframework.boot.test.autoconfigure.restdocs.RestDocsTestExecutionListener, org.springframework.boot.test.autoconfigure.web.client.MockRestServiceServerResetTestExecutionListener, org.springframework.boot.test.autoconfigure.web.servlet.MockMvcPrintOnlyOnFailureTestExecutionListener, org.springframework.boot.test.autoconfigure.web.servlet.WebDriverTestExecutionListener, org.springframework.test.context.web.ServletTestExecutionListener, org.springframework.test.context.support.DirtiesContextBeforeModesTestExecutionListener, org.springframework.test.context.support.DependencyInjectionTestExecutionListener, org.springframework.test.context.support.DirtiesContextTestExecutionListener, org.springframework.test.context.transaction.TransactionalTestExecutionListener, org.springframework.test.context.jdbc.SqlScriptsTestExecutionListener]
22:18:19.071 [Test worker] INFO org.springframework.boot.test.context.SpringBootTestContextBootstrapper - Could not instantiate TestExecutionListener [org.springframework.test.context.jdbc.SqlScriptsTestExecutionListener]. Specify custom listener classes or make the default listener classes (and their required dependencies) available. Offending class: [org/springframework/transaction/interceptor/TransactionAttribute]
22:18:19.080 [Test worker] INFO org.springframework.boot.test.context.SpringBootTestContextBootstrapper - Could not instantiate TestExecutionListener [org.springframework.test.context.transaction.TransactionalTestExecutionListener]. Specify custom listener classes or make the default listener classes (and their required dependencies) available. Offending class: [org/springframework/transaction/interceptor/TransactionAttributeSource]
22:18:19.100 [Test worker] INFO org.springframework.boot.test.context.SpringBootTestContextBootstrapper - Using TestExecutionListeners: [org.springframework.test.context.web.ServletTestExecutionListener@57300e96, org.springframework.test.context.support.DirtiesContextBeforeModesTestExecutionListener@3724722f, org.springframework.boot.test.autoconfigure.SpringBootDependencyInjectionTestExecutionListener@515695f7, org.springframework.test.context.support.DirtiesContextTestExecutionListener@4df5756b, org.springframework.boot.test.mock.mockito.ResetMocksTestExecutionListener@1a6686fd, org.springframework.boot.test.mock.mockito.MockitoTestExecutionListener@e472a94, org.springframework.boot.test.autoconfigure.web.servlet.MockMvcPrintOnlyOnFailureTestExecutionListener@6b5bff86, org.springframework.boot.test.autoconfigure.web.servlet.WebDriverTestExecutionListener@de391ab, org.springframework.boot.test.autoconfigure.restdocs.RestDocsTestExecutionListener@231caf84, org.springframework.boot.test.autoconfigure.web.client.MockRestServiceServerResetTestExecutionListener@143822f9]
22:18:19.160 [Test worker] DEBUG org.springframework.test.annotation.ProfileValueUtils - Retrieved @ProfileValueSourceConfiguration [null] for test class [test.HelloWorldConfigurationTests]
22:18:19.165 [Test worker] DEBUG org.springframework.test.annotation.ProfileValueUtils - Retrieved ProfileValueSource type [class org.springframework.test.annotation.SystemProfileValueSource] for class [test.HelloWorldConfigurationTests]
]]></system-out>
  <system-err><![CDATA[]]></system-err>
</testsuite>
